<?xml version="1.0" encoding="UTF-8"?>
<testng-results ignored="0" total="1" passed="1" failed="0" skipped="0">
  <reporter-output>
  </reporter-output>
  <suite started-at="2021-06-24T16:55:43Z" name="Suite" finished-at="2021-06-24T16:55:52Z" duration-ms="9216">
    <groups>
    </groups>
    <test started-at="2021-06-24T16:55:43Z" name="SeleniumProject" finished-at="2021-06-24T16:55:52Z" duration-ms="9216">
      <class name="seleniumPack.ActionClass">
        <test-method is-config="true" signature="init()[pri:0, instance:seleniumPack.ActionClass@53fe15ff]" started-at="2021-06-24T16:55:43Z" name="init" finished-at="2021-06-24T16:55:52Z" duration-ms="8646" status="PASS">
          <reporter-output>
          </reporter-output>
        </test-method> <!-- init -->
        <test-method signature="mouseAndKeyboardEvents()[pri:0, instance:seleniumPack.ActionClass@53fe15ff]" started-at="2021-06-24T16:55:52Z" name="mouseAndKeyboardEvents" finished-at="2021-06-24T16:55:52Z" duration-ms="547" status="PASS">
          <reporter-output>
          </reporter-output>
        </test-method> <!-- mouseAndKeyboardEvents -->
      </class> <!-- seleniumPack.ActionClass -->
    </test> <!-- SeleniumProject -->
  </suite> <!-- Suite -->
</testng-results>
